<?xml version="1.0" encoding="UTF-8"?>
<!-- Generated by org.testng.reporters.JUnitXMLReporter -->
<testsuite ignored="0" hostname="LAPTOP-2DE1T0AK" failures="0" tests="3" name="Test-1" time="48.332" errors="0" timestamp="2025-02-14T16:46:40 IST">
  <testcase classname="com.comcast.crm.orgtest.CreateOrgTestNgTest" name="CreateOrgWithPhoneNumberTest" time="8.958"/>
  <testcase classname="com.comcast.crm.orgtest.CreateOrgTestNgTest" name="CreateOrganizationWithIndustriesTest" time="6.763"/>
  <testcase classname="com.comcast.crm.orgtest.CreateOrgTestNgTest" name="createorgTest" time="4.947"/>
</testsuite> <!-- Test-1 -->
