<?xml version="1.0" encoding="UTF-8"?>
<!-- Generated by org.testng.reporters.JUnitXMLReporter -->
<testsuite ignored="0" hostname="LAPTOP-2DE1T0AK" failures="0" tests="3" name="Test-2" time="76.058" errors="0" timestamp="2025-02-14T16:47:08 IST">
  <testcase classname="com.comcast.crm.contacttest.CreateContactTestNgTest" name="CreateContactWithOrgTest" time="29.467"/>
  <testcase classname="com.comcast.crm.contacttest.CreateContactTestNgTest" name="CreateContactWithSupportDateTest" time="16.775"/>
  <testcase classname="com.comcast.crm.contacttest.CreateContactTestNgTest" name="createContactTest" time="4.271"/>
</testsuite> <!-- Test-2 -->
