<?xml version="1.0" encoding="UTF-8"?>
<!-- Generated by org.testng.reporters.JUnitReportReporter -->
<testsuite hostname="LAPTOP-2DE1T0AK" failures="0" tests="1" name="practice.test.DebugTest" time="0.021" errors="0" timestamp="2025-03-04T16:18:08 IST" skipped="0">
  <testcase classname="practice.test.DebugTest" name="testAddition" time="0.021"/>
  <system-out/>
</testsuite> <!-- practice.test.DebugTest -->
