<?xml version="1.0" encoding="UTF-8"?>
<!-- Generated by org.testng.reporters.JUnitReportReporter -->
<testsuite hostname="LAPTOP-2DE1T0AK" failures="0" tests="3" name="practice.test.GetProductInfoTest" time="60.244" errors="0" timestamp="2025-02-11T12:59:39 IST" skipped="0">
  <testcase classname="practice.test.GetProductInfoTest" name="getProductInfoTest" time="20.625"/>
  <system-out/>
  <testcase classname="practice.test.GetProductInfoTest" name="getProductInfoTest" time="17.174"/>
  <system-out/>
  <testcase classname="practice.test.GetProductInfoTest" name="getProductInfoTest" time="22.445"/>
  <system-out/>
</testsuite> <!-- practice.test.GetProductInfoTest -->
