<?xml version="1.0" encoding="UTF-8"?>
<!-- Generated by org.testng.reporters.JUnitReportReporter -->
<testsuite hostname="LAPTOP-2DE1T0AK" failures="0" tests="3" name="practice.testng.ContactTest" time="0.064" errors="0" timestamp="2025-02-10T13:33:34 IST" skipped="0">
  <testcase classname="practice.testng.ContactTest" name="modifyContactTest" time="0.024"/>
  <system-out/>
  <testcase classname="practice.testng.ContactTest" name="deleteContactTest" time="0.010"/>
  <system-out/>
  <testcase classname="practice.testng.ContactTest" name="createContactTest" time="0.030"/>
  <system-out/>
</testsuite> <!-- practice.testng.ContactTest -->
