<?xml version="1.0" encoding="UTF-8"?>
<!-- Generated by org.testng.reporters.JUnitReportReporter -->
<testsuite hostname="LAPTOP-2DE1T0AK" failures="0" tests="2" name="com.crm.comcast.orgtest.CreateContactTest" time="0.031" errors="0" timestamp="2025-02-11T15:28:07 IST" skipped="0">
  <testcase classname="com.crm.comcast.orgtest.CreateContactTest" name="createOrgTest" time="0.024"/>
  <system-out/>
  <testcase classname="com.crm.comcast.orgtest.CreateContactTest" name="createOrgWithIndustries" time="0.007"/>
  <system-out/>
</testsuite> <!-- com.crm.comcast.orgtest.CreateContactTest -->
