<?xml version="1.0" encoding="UTF-8"?>
<!-- Generated by org.testng.reporters.JUnitReportReporter -->
<testsuite hostname="LAPTOP-2DE1T0AK" failures="0" tests="2" name="com.pac1.CreateContactTest" time="0.026" errors="0" timestamp="2025-02-11T15:58:34 IST" skipped="0">
  <testcase classname="com.pac1.CreateContactTest" name="createContactWithDate" time="0.005"/>
  <system-out/>
  <testcase classname="com.pac1.CreateContactTest" name="createContact" time="0.021"/>
  <system-out/>
</testsuite> <!-- com.pac1.CreateContactTest -->
