<?xml version="1.0" encoding="UTF-8"?>
<!-- Generated by org.testng.reporters.JUnitReportReporter -->
<testsuite hostname="LAPTOP-2DE1T0AK" failures="0" tests="12" name="practice.testng.OrderTest" time="0.062" errors="0" timestamp="2025-02-10T14:01:31 IST" skipped="1">
  <testcase classname="practice.testng.OrderTest" name="createOrderTest" time="0.002"/>
  <system-out/>
  <testcase classname="practice.testng.OrderTest" name="createOrderTest" time="0.002"/>
  <system-out/>
  <testcase classname="practice.testng.OrderTest" name="createOrderTest" time="0.019"/>
  <system-out/>
  <testcase classname="practice.testng.OrderTest" name="createOrderTest" time="0.007"/>
  <system-out/>
  <testcase classname="practice.testng.OrderTest" name="createOrderTest" time="0.009"/>
  <system-out/>
  <testcase classname="practice.testng.OrderTest" name="createOrderTest" time="0.002"/>
  <system-out/>
  <testcase classname="practice.testng.OrderTest" name="createOrderTest" time="0.006"/>
  <system-out/>
  <testcase classname="practice.testng.OrderTest" name="billingAnOrderTest" time="0.006"/>
  <system-out/>
  <testcase classname="practice.testng.OrderTest" name="createOrderTest" time="0.005"/>
  <system-out/>
  <testcase classname="practice.testng.OrderTest" name="createOrderTest" time="0.002"/>
  <system-out/>
  <testcase classname="practice.testng.OrderTest" name="createOrderTest" time="0.002"/>
  <system-out/>
  <testcase classname="practice.testng.OrderTest" name="purchaseOrderTest">
    <skipped/>
  </testcase> <!-- purchaseOrderTest -->
  <system-out/>
</testsuite> <!-- practice.testng.OrderTest -->
