<?xml version="1.0" encoding="UTF-8"?>
<!-- Generated by org.testng.reporters.JUnitReportReporter -->
<testsuite hostname="LAPTOP-2DE1T0AK" failures="0" tests="1" name="practice.pom.repository.SampleTestwithPom" time="12.470" errors="0" timestamp="2025-02-07T17:28:22 IST" skipped="0">
  <testcase classname="practice.pom.repository.SampleTestwithPom" name="SampleTest" time="12.470"/>
  <system-out/>
</testsuite> <!-- practice.pom.repository.SampleTestwithPom -->
