<?xml version="1.0" encoding="UTF-8"?>
<!-- Generated by org.testng.reporters.JUnitReportReporter -->
<testsuite hostname="LAPTOP-2DE1T0AK" failures="0" tests="1" name="com.comcast.crm.orgtest.CreateOrgTestNgTest" time="29.935" errors="0" timestamp="2025-03-04T17:16:15 IST" skipped="0">
  <testcase classname="com.comcast.crm.orgtest.CreateOrgTestNgTest" name="createorgTest" time="29.935"/>
  <system-out/>
</testsuite> <!-- com.comcast.crm.orgtest.CreateOrgTestNgTest -->
