<?xml version="1.0" encoding="UTF-8"?>
<!-- Generated by org.testng.reporters.JUnitReportReporter -->
<testsuite hostname="LAPTOP-2DE1T0AK" failures="0" tests="2" name="practice.hometest.ReporterLog" time="0.026" errors="0" timestamp="2025-02-17T14:53:37 IST" skipped="0">
  <testcase classname="practice.hometest.ReporterLog" name="homePageTest" time="0.020"/>
  <system-out>
    <![CDATA[homePageTestTest Start
step-1
step-2
step-3
step-4
homePageTestTest End]]>
  </system-out>
  <testcase classname="practice.hometest.ReporterLog" name="verifyLogoHomePageTest" time="0.006"/>
  <system-out>
    <![CDATA[verifyLogoHomePageTestTest Start
step-1
step-1
step-3
step-4
verifyLogoHomePageTestTest End]]>
  </system-out>
</testsuite> <!-- practice.hometest.ReporterLog -->
