<?xml version="1.0" encoding="UTF-8"?>
<!-- Generated by org.testng.reporters.JUnitReportReporter -->
<testsuite hostname="LAPTOP-2DE1T0AK" failures="0" tests="1" name="practice.testng.SampleReportTest" time="9.077" errors="0" timestamp="2025-03-03T11:46:52 IST" skipped="0">
  <testcase classname="practice.testng.SampleReportTest" name="createContactTest" time="9.077"/>
  <system-out/>
</testsuite> <!-- practice.testng.SampleReportTest -->
