<?xml version="1.0" encoding="UTF-8"?>
<!-- Generated by org.testng.reporters.JUnitReportReporter -->
<testsuite hostname="LAPTOP-2DE1T0AK" failures="0" tests="1" name="practice.testng.SampleTestForScreenshot" time="13.454" errors="0" timestamp="2025-02-17T16:01:00 IST" skipped="0">
  <testcase classname="practice.testng.SampleTestForScreenshot" name="amazonTest" time="13.454"/>
  <system-out/>
</testsuite> <!-- practice.testng.SampleTestForScreenshot -->
