<?xml version="1.0" encoding="UTF-8"?>
<!-- Generated by org.testng.reporters.JUnitReportReporter -->
<testsuite hostname="LAPTOP-2DE1T0AK" failures="0" tests="3" name="practice.testng.CreateContactDatabaseProvider_Test2" time="0.024" errors="0" timestamp="2025-02-10T16:50:35 IST" skipped="0">
  <testcase classname="practice.testng.CreateContactDatabaseProvider_Test2" name="createContactTest" time="0.018"/>
  <system-out/>
  <testcase classname="practice.testng.CreateContactDatabaseProvider_Test2" name="createContactTest" time="0.004"/>
  <system-out/>
  <testcase classname="practice.testng.CreateContactDatabaseProvider_Test2" name="createContactTest" time="0.002"/>
  <system-out/>
</testsuite> <!-- practice.testng.CreateContactDatabaseProvider_Test2 -->
