<?xml version="1.0" encoding="UTF-8"?>
<!-- Generated by org.testng.reporters.JUnitReportReporter -->
<testsuite hostname="LAPTOP-2DE1T0AK" failures="0" tests="3" name="practice.testng.CreateContactDatabaseProvider_Test" time="0.030" errors="0" timestamp="2025-02-10T16:45:50 IST" skipped="0">
  <testcase classname="practice.testng.CreateContactDatabaseProvider_Test" name="createContactTest" time="0.021"/>
  <system-out/>
  <testcase classname="practice.testng.CreateContactDatabaseProvider_Test" name="createContactTest" time="0.003"/>
  <system-out/>
  <testcase classname="practice.testng.CreateContactDatabaseProvider_Test" name="createContactTest" time="0.006"/>
  <system-out/>
</testsuite> <!-- practice.testng.CreateContactDatabaseProvider_Test -->
